<?xml version="1.0" encoding="UTF-8"?>
<testsuites tests="47" failures="5" disabled="0" errors="0" timestamp="2019-03-11T11:13:53" time="0.257" name="AllTests">
  <testsuite name="Tests_Basics" tests="4" failures="0" disabled="0" errors="0" time="0.001">
    <testcase name="MatrixCenter" status="run" time="0.001" classname="Tests_Basics" />
    <testcase name="GetElements" status="run" time="0" classname="Tests_Basics" />
    <testcase name="ARange" status="run" time="0" classname="Tests_Basics" />
    <testcase name="Vector2DTo1D" status="run" time="0" classname="Tests_Basics" />
  </testsuite>
  <testsuite name="Tests_Covariances" tests="6" failures="0" disabled="0" errors="0" time="0.001">
    <testcase name="Covariance_Matrix_COR" status="run" time="0.001" classname="Tests_Covariances" />
    <testcase name="Covariance_Matrix_COV" status="run" time="0" classname="Tests_Covariances" />
    <testcase name="Covariance_Matrix_LWF" status="run" time="0" classname="Tests_Covariances" />
    <testcase name="Covariance_Matrix_MCD" status="run" time="0" classname="Tests_Covariances" />
    <testcase name="Covariance_Matrix_OAS" status="run" time="0" classname="Tests_Covariances" />
    <testcase name="Covariance_Matrix_SCM" status="run" time="0" classname="Tests_Covariances" />
  </testsuite>
  <testsuite name="Tests_Means" tests="9" failures="0" disabled="0" errors="0" time="0.005">
    <testcase name="Euclidian" status="run" time="0.001" classname="Tests_Means" />
    <testcase name="LogEuclidian" status="run" time="0.002" classname="Tests_Means" />
    <testcase name="Riemann" status="run" time="0.001" classname="Tests_Means" />
    <testcase name="LogDet" status="run" time="0" classname="Tests_Means" />
    <testcase name="Kullback" status="run" time="0" classname="Tests_Means" />
    <testcase name="Wasserstein" status="run" time="0" classname="Tests_Means" />
    <testcase name="ALE" status="run" time="0" classname="Tests_Means" />
    <testcase name="Harmonic" status="run" time="0" classname="Tests_Means" />
    <testcase name="Identity" status="run" time="0" classname="Tests_Means" />
  </testsuite>
  <testsuite name="Tests_Distances" tests="6" failures="0" disabled="0" errors="0" time="0.001">
    <testcase name="Euclidian" status="run" time="0" classname="Tests_Distances" />
    <testcase name="LogEuclidian" status="run" time="0" classname="Tests_Distances" />
    <testcase name="Riemann" status="run" time="0" classname="Tests_Distances" />
    <testcase name="LogDet" status="run" time="0" classname="Tests_Distances" />
    <testcase name="Kullback" status="run" time="0.001" classname="Tests_Distances" />
    <testcase name="Wasserstein" status="run" time="0" classname="Tests_Distances" />
  </testsuite>
  <testsuite name="Tests_Geodesic" tests="3" failures="0" disabled="0" errors="0" time="0.001">
    <testcase name="Euclidian" status="run" time="0" classname="Tests_Geodesic" />
    <testcase name="LogEuclidian" status="run" time="0" classname="Tests_Geodesic" />
    <testcase name="Riemann" status="run" time="0.001" classname="Tests_Geodesic" />
  </testsuite>
  <testsuite name="Tests_Featurization" tests="4" failures="0" disabled="0" errors="0" time="0.001">
    <testcase name="TangentSpace" status="run" time="0.001" classname="Tests_Featurization" />
    <testcase name="UnTangentSpace" status="run" time="0" classname="Tests_Featurization" />
    <testcase name="Squeeze" status="run" time="0" classname="Tests_Featurization" />
    <testcase name="UnSqueeze" status="run" time="0" classname="Tests_Featurization" />
  </testsuite>
  <testsuite name="Tests_Classifier" tests="2" failures="0" disabled="0" errors="0" time="0">
    <testcase name="LSQR" status="run" time="0" classname="Tests_Classifier" />
    <testcase name="FgDACompute" status="run" time="0" classname="Tests_Classifier" />
  </testsuite>
  <testsuite name="Tests_MatrixClassifier" tests="13" failures="5" disabled="0" errors="0" time="0.246">
    <testcase name="MDM_Train" status="run" time="0.001" classname="Tests_MatrixClassifier" />
    <testcase name="MDM_Classifify" status="run" time="0" classname="Tests_MatrixClassifier" />
    <testcase name="MDM_Classifify_Adapt_Supervised" status="run" time="0" classname="Tests_MatrixClassifier" />
    <testcase name="MDM_Classifify_Adapt_Unsupervised" status="run" time="0.001" classname="Tests_MatrixClassifier" />
    <testcase name="MDM_Save" status="run" time="0.012" classname="Tests_MatrixClassifier" />
    <testcase name="FgMDM_Train" status="run" time="0.002" classname="Tests_MatrixClassifier" />
    <testcase name="FgMDM_Classifify" status="run" time="0.001" classname="Tests_MatrixClassifier" />
    <testcase name="FgMDM_Save" status="run" time="0.055" classname="Tests_MatrixClassifier">
      <failure message="c:\users\tmonseig\documents\riemann-geometrie\tests\test_matrixclassifier.hpp:187&#x0A;Value of: ref == calc&#x0A;  Actual: false&#x0A;Expected: true&#x0A;&#x0A;====================&#x0A;FgMDM Save : &#x0A;********** Ref **********&#x0A;Minimum Distance to Mean with geodesic filtering Classifier&#x0A;Metric : Riemann&#x0A;Number of Classes : 2&#x0A;Mean of class 0 (7 trials): &#x0A;   2.08042 -0.0896811  0.0314596&#x0A;-0.0896811    1.41164  0.0912752&#x0A; 0.0314596  0.0912752   0.734828&#x0A;Mean of class 1 (5 trials): &#x0A;    1.3084   0.157167 0.00232675&#x0A;  0.157167    1.93456 -0.0196352&#x0A;0.00232675 -0.0196352   0.988527&#x0A;Reference matrix : &#x0A;  1.70953 0.0167407 0.0207775&#x0A;0.0167407   1.60345 0.0542388&#x0A;0.0207775 0.0542388  0.830325&#x0A;Weight matrix : &#x0A;  0.457148  -0.209165  0.0336197  -0.308465   0.145512  -0.294888&#x0A; -0.209165  0.0957022 -0.0153825   0.141136 -0.0665782   0.134924&#x0A; 0.0336197 -0.0153825 0.00247246 -0.0226852  0.0107013 -0.0216867&#x0A; -0.308465   0.141136 -0.0226852    0.20814 -0.0981858   0.198978&#x0A;  0.145512 -0.0665782  0.0107013 -0.0981858  0.0463172  -0.093864&#x0A; -0.294888   0.134924 -0.0216867   0.198978  -0.093864    0.19022&#x0A;&#x0A;********** Calc **********&#x0A;Minimum Distance to Mean with geodesic filtering Classifier&#x0A;Metric : Riemann&#x0A;Number of Classes : 2&#x0A;Mean of class 0 (0 trials): &#x0A;   2.08042 -0.0896811  0.0314596&#x0A;-0.0896811    1.41164  0.0912752&#x0A; 0.0314596  0.0912752   0.734828&#x0A;Mean of class 1 (0 trials): &#x0A;    1.3084   0.157167 0.00232675&#x0A;  0.157167    1.93456 -0.0196352&#x0A;0.00232675 -0.0196352   0.988527&#x0A;Reference matrix : &#x0A;  1.70953 0.0167407 0.0207775&#x0A;0.0167407   1.60345 0.0542388&#x0A;0.0207775 0.0542388  0.830325&#x0A;Weight matrix : &#x0A;  0.457148  -0.209165  0.0336197  -0.308465   0.145512  -0.294888&#x0A; -0.209165  0.0957022 -0.0153825   0.141136 -0.0665782   0.134924&#x0A; 0.0336197 -0.0153825 0.00247246 -0.0226852  0.0107013 -0.0216867&#x0A; -0.308465   0.141136 -0.0226852    0.20814 -0.0981858   0.198978&#x0A;  0.145512 -0.0665782  0.0107013 -0.0981858  0.0463172  -0.093864&#x0A; -0.294888   0.134924 -0.0216867   0.198978  -0.093864    0.19022&#x0A;&#x0A;====================&#x0A;" type=""><![CDATA[c:\users\tmonseig\documents\riemann-geometrie\tests\test_matrixclassifier.hpp:187
Value of: ref == calc
  Actual: false
Expected: true

====================
FgMDM Save : 
********** Ref **********
Minimum Distance to Mean with geodesic filtering Classifier
Metric : Riemann
Number of Classes : 2
Mean of class 0 (7 trials): 
   2.08042 -0.0896811  0.0314596
-0.0896811    1.41164  0.0912752
 0.0314596  0.0912752   0.734828
Mean of class 1 (5 trials): 
    1.3084   0.157167 0.00232675
  0.157167    1.93456 -0.0196352
0.00232675 -0.0196352   0.988527
Reference matrix : 
  1.70953 0.0167407 0.0207775
0.0167407   1.60345 0.0542388
0.0207775 0.0542388  0.830325
Weight matrix : 
  0.457148  -0.209165  0.0336197  -0.308465   0.145512  -0.294888
 -0.209165  0.0957022 -0.0153825   0.141136 -0.0665782   0.134924
 0.0336197 -0.0153825 0.00247246 -0.0226852  0.0107013 -0.0216867
 -0.308465   0.141136 -0.0226852    0.20814 -0.0981858   0.198978
  0.145512 -0.0665782  0.0107013 -0.0981858  0.0463172  -0.093864
 -0.294888   0.134924 -0.0216867   0.198978  -0.093864    0.19022

********** Calc **********
Minimum Distance to Mean with geodesic filtering Classifier
Metric : Riemann
Number of Classes : 2
Mean of class 0 (0 trials): 
   2.08042 -0.0896811  0.0314596
-0.0896811    1.41164  0.0912752
 0.0314596  0.0912752   0.734828
Mean of class 1 (0 trials): 
    1.3084   0.157167 0.00232675
  0.157167    1.93456 -0.0196352
0.00232675 -0.0196352   0.988527
Reference matrix : 
  1.70953 0.0167407 0.0207775
0.0167407   1.60345 0.0542388
0.0207775 0.0542388  0.830325
Weight matrix : 
  0.457148  -0.209165  0.0336197  -0.308465   0.145512  -0.294888
 -0.209165  0.0957022 -0.0153825   0.141136 -0.0665782   0.134924
 0.0336197 -0.0153825 0.00247246 -0.0226852  0.0107013 -0.0216867
 -0.308465   0.141136 -0.0226852    0.20814 -0.0981858   0.198978
  0.145512 -0.0665782  0.0107013 -0.0981858  0.0463172  -0.093864
 -0.294888   0.134924 -0.0216867   0.198978  -0.093864    0.19022

====================
]]></failure>
    </testcase>
    <testcase name="MDM_Rebias_Train" status="run" time="0.003" classname="Tests_MatrixClassifier" />
    <testcase name="MDM_Rebias_Classifify" status="run" time="0.023" classname="Tests_MatrixClassifier">
      <failure message="c:\users\tmonseig\documents\riemann-geometrie\tests\test_matrixclassifier.hpp:222&#x0A;Value of: isAlmostEqual(refPredictionDistance[idx], distance)&#x0A;  Actual: false&#x0A;Expected: true&#x0A;&#x0A;====================&#x0A;Prediction Distance sample [0][0] different : &#x0A;  Ref : &#x09;[1.31025, 1.39392, ]&#x0A;  Calc : &#x09;[1.31463, 1.47486, ]&#x0A;====================&#x0A;" type=""><![CDATA[c:\users\tmonseig\documents\riemann-geometrie\tests\test_matrixclassifier.hpp:222
Value of: isAlmostEqual(refPredictionDistance[idx], distance)
  Actual: false
Expected: true

====================
Prediction Distance sample [0][0] different : 
  Ref : 	[1.31025, 1.39392, ]
  Calc : 	[1.31463, 1.47486, ]
====================
]]></failure>
      <failure message="c:\users\tmonseig\documents\riemann-geometrie\tests\test_matrixclassifier.hpp:222&#x0A;Value of: isAlmostEqual(refPredictionDistance[idx], distance)&#x0A;  Actual: false&#x0A;Expected: true&#x0A;&#x0A;====================&#x0A;Prediction Distance sample [0][1] different : &#x0A;  Ref : &#x09;[1.69272, 1.84494, ]&#x0A;  Calc : &#x09;[1.69566, 1.84129, ]&#x0A;====================&#x0A;" type=""><![CDATA[c:\users\tmonseig\documents\riemann-geometrie\tests\test_matrixclassifier.hpp:222
Value of: isAlmostEqual(refPredictionDistance[idx], distance)
  Actual: false
Expected: true

====================
Prediction Distance sample [0][1] different : 
  Ref : 	[1.69272, 1.84494, ]
  Calc : 	[1.69566, 1.84129, ]
====================
]]></failure>
      <failure message="c:\users\tmonseig\documents\riemann-geometrie\tests\test_matrixclassifier.hpp:221&#x0A;Value of: refPrediction[idx] == classid&#x0A;  Actual: false&#x0A;Expected: true&#x0A;&#x0A;====================&#x0A;Prediction sample [0][2] different : &#x0A;  Ref : &#x09;0&#x0A;  Calc : &#x09;1&#x0A;====================&#x0A;" type=""><![CDATA[c:\users\tmonseig\documents\riemann-geometrie\tests\test_matrixclassifier.hpp:221
Value of: refPrediction[idx] == classid
  Actual: false
Expected: true

====================
Prediction sample [0][2] different : 
  Ref : 	0
  Calc : 	1
====================
]]></failure>
      <failure message="c:\users\tmonseig\documents\riemann-geometrie\tests\test_matrixclassifier.hpp:221&#x0A;Value of: refPrediction[idx] == classid&#x0A;  Actual: false&#x0A;Expected: true&#x0A;&#x0A;====================&#x0A;Prediction sample [0][4] different : &#x0A;  Ref : &#x09;0&#x0A;  Calc : &#x09;1&#x0A;====================&#x0A;" type=""><![CDATA[c:\users\tmonseig\documents\riemann-geometrie\tests\test_matrixclassifier.hpp:221
Value of: refPrediction[idx] == classid
  Actual: false
Expected: true

====================
Prediction sample [0][4] different : 
  Ref : 	0
  Calc : 	1
====================
]]></failure>
      <failure message="c:\users\tmonseig\documents\riemann-geometrie\tests\test_matrixclassifier.hpp:222&#x0A;Value of: isAlmostEqual(refPredictionDistance[idx], distance)&#x0A;  Actual: false&#x0A;Expected: true&#x0A;&#x0A;====================&#x0A;Prediction Distance sample [0][6] different : &#x0A;  Ref : &#x09;[1.01144, 0.477762, ]&#x0A;  Calc : &#x09;[1.01156, 0.477398, ]&#x0A;====================&#x0A;" type=""><![CDATA[c:\users\tmonseig\documents\riemann-geometrie\tests\test_matrixclassifier.hpp:222
Value of: isAlmostEqual(refPredictionDistance[idx], distance)
  Actual: false
Expected: true

====================
Prediction Distance sample [0][6] different : 
  Ref : 	[1.01144, 0.477762, ]
  Calc : 	[1.01156, 0.477398, ]
====================
]]></failure>
      <failure message="c:\users\tmonseig\documents\riemann-geometrie\tests\test_matrixclassifier.hpp:222&#x0A;Value of: isAlmostEqual(refPredictionDistance[idx], distance)&#x0A;  Actual: false&#x0A;Expected: true&#x0A;&#x0A;====================&#x0A;Prediction Distance sample [1][0] different : &#x0A;  Ref : &#x09;[1.06154, 0.693704, ]&#x0A;  Calc : &#x09;[1.06166, 0.693427, ]&#x0A;====================&#x0A;" type=""><![CDATA[c:\users\tmonseig\documents\riemann-geometrie\tests\test_matrixclassifier.hpp:222
Value of: isAlmostEqual(refPredictionDistance[idx], distance)
  Actual: false
Expected: true

====================
Prediction Distance sample [1][0] different : 
  Ref : 	[1.06154, 0.693704, ]
  Calc : 	[1.06166, 0.693427, ]
====================
]]></failure>
      <failure message="c:\users\tmonseig\documents\riemann-geometrie\tests\test_matrixclassifier.hpp:222&#x0A;Value of: isAlmostEqual(refPredictionDistance[idx], distance)&#x0A;  Actual: false&#x0A;Expected: true&#x0A;&#x0A;====================&#x0A;Prediction Distance sample [1][3] different : &#x0A;  Ref : &#x09;[0.958124, 0.444112, ]&#x0A;  Calc : &#x09;[0.958316, 0.443515, ]&#x0A;====================&#x0A;" type=""><![CDATA[c:\users\tmonseig\documents\riemann-geometrie\tests\test_matrixclassifier.hpp:222
Value of: isAlmostEqual(refPredictionDistance[idx], distance)
  Actual: false
Expected: true

====================
Prediction Distance sample [1][3] different : 
  Ref : 	[0.958124, 0.444112, ]
  Calc : 	[0.958316, 0.443515, ]
====================
]]></failure>
    </testcase>
    <testcase name="MDM_Rebias_Classifify_Adapt_Supervised" status="run" time="0.054" classname="Tests_MatrixClassifier">
      <failure message="c:\users\tmonseig\documents\riemann-geometrie\tests\test_matrixclassifier.hpp:250&#x0A;Value of: isAlmostEqual(refPredictionDistance[idx], distance)&#x0A;  Actual: false&#x0A;Expected: true&#x0A;&#x0A;====================&#x0A;Prediction Distance sample [0][0] different : &#x0A;  Ref : &#x09;[1.31025, 1.39392, ]&#x0A;  Calc : &#x09;[1.31463, 1.47486, ]&#x0A;====================&#x0A;" type=""><![CDATA[c:\users\tmonseig\documents\riemann-geometrie\tests\test_matrixclassifier.hpp:250
Value of: isAlmostEqual(refPredictionDistance[idx], distance)
  Actual: false
Expected: true

====================
Prediction Distance sample [0][0] different : 
  Ref : 	[1.31025, 1.39392, ]
  Calc : 	[1.31463, 1.47486, ]
====================
]]></failure>
      <failure message="c:\users\tmonseig\documents\riemann-geometrie\tests\test_matrixclassifier.hpp:249&#x0A;Value of: refPrediction[idx] == classid&#x0A;  Actual: false&#x0A;Expected: true&#x0A;&#x0A;====================&#x0A;Prediction sample [0][1] different : &#x0A;  Ref : &#x09;0&#x0A;  Calc : &#x09;1&#x0A;====================&#x0A;" type=""><![CDATA[c:\users\tmonseig\documents\riemann-geometrie\tests\test_matrixclassifier.hpp:249
Value of: refPrediction[idx] == classid
  Actual: false
Expected: true

====================
Prediction sample [0][1] different : 
  Ref : 	0
  Calc : 	1
====================
]]></failure>
      <failure message="c:\users\tmonseig\documents\riemann-geometrie\tests\test_matrixclassifier.hpp:250&#x0A;Value of: isAlmostEqual(refPredictionDistance[idx], distance)&#x0A;  Actual: false&#x0A;Expected: true&#x0A;&#x0A;====================&#x0A;Prediction Distance sample [0][1] different : &#x0A;  Ref : &#x09;[1.82792, 1.84494, ]&#x0A;  Calc : &#x09;[1.85597, 1.84129, ]&#x0A;====================&#x0A;" type=""><![CDATA[c:\users\tmonseig\documents\riemann-geometrie\tests\test_matrixclassifier.hpp:250
Value of: isAlmostEqual(refPredictionDistance[idx], distance)
  Actual: false
Expected: true

====================
Prediction Distance sample [0][1] different : 
  Ref : 	[1.82792, 1.84494, ]
  Calc : 	[1.85597, 1.84129, ]
====================
]]></failure>
      <failure message="c:\users\tmonseig\documents\riemann-geometrie\tests\test_matrixclassifier.hpp:250&#x0A;Value of: isAlmostEqual(refPredictionDistance[idx], distance)&#x0A;  Actual: false&#x0A;Expected: true&#x0A;&#x0A;====================&#x0A;Prediction Distance sample [0][2] different : &#x0A;  Ref : &#x09;[0.891204, 0.841863, ]&#x0A;  Calc : &#x09;[0.958577, 0.841749, ]&#x0A;====================&#x0A;" type=""><![CDATA[c:\users\tmonseig\documents\riemann-geometrie\tests\test_matrixclassifier.hpp:250
Value of: isAlmostEqual(refPredictionDistance[idx], distance)
  Actual: false
Expected: true

====================
Prediction Distance sample [0][2] different : 
  Ref : 	[0.891204, 0.841863, ]
  Calc : 	[0.958577, 0.841749, ]
====================
]]></failure>
      <failure message="c:\users\tmonseig\documents\riemann-geometrie\tests\test_matrixclassifier.hpp:250&#x0A;Value of: isAlmostEqual(refPredictionDistance[idx], distance)&#x0A;  Actual: false&#x0A;Expected: true&#x0A;&#x0A;====================&#x0A;Prediction Distance sample [0][3] different : &#x0A;  Ref : &#x09;[0.930126, 1.59955, ]&#x0A;  Calc : &#x09;[0.923258, 1.59928, ]&#x0A;====================&#x0A;" type=""><![CDATA[c:\users\tmonseig\documents\riemann-geometrie\tests\test_matrixclassifier.hpp:250
Value of: isAlmostEqual(refPredictionDistance[idx], distance)
  Actual: false
Expected: true

====================
Prediction Distance sample [0][3] different : 
  Ref : 	[0.930126, 1.59955, ]
  Calc : 	[0.923258, 1.59928, ]
====================
]]></failure>
      <failure message="c:\users\tmonseig\documents\riemann-geometrie\tests\test_matrixclassifier.hpp:250&#x0A;Value of: isAlmostEqual(refPredictionDistance[idx], distance)&#x0A;  Actual: false&#x0A;Expected: true&#x0A;&#x0A;====================&#x0A;Prediction Distance sample [0][4] different : &#x0A;  Ref : &#x09;[0.999728, 0.941917, ]&#x0A;  Calc : &#x09;[0.972294, 0.941884, ]&#x0A;====================&#x0A;" type=""><![CDATA[c:\users\tmonseig\documents\riemann-geometrie\tests\test_matrixclassifier.hpp:250
Value of: isAlmostEqual(refPredictionDistance[idx], distance)
  Actual: false
Expected: true

====================
Prediction Distance sample [0][4] different : 
  Ref : 	[0.999728, 0.941917, ]
  Calc : 	[0.972294, 0.941884, ]
====================
]]></failure>
      <failure message="c:\users\tmonseig\documents\riemann-geometrie\tests\test_matrixclassifier.hpp:250&#x0A;Value of: isAlmostEqual(refPredictionDistance[idx], distance)&#x0A;  Actual: false&#x0A;Expected: true&#x0A;&#x0A;====================&#x0A;Prediction Distance sample [0][5] different : &#x0A;  Ref : &#x09;[1.07466, 0.465642, ]&#x0A;  Calc : &#x09;[1.08143, 0.465758, ]&#x0A;====================&#x0A;" type=""><![CDATA[c:\users\tmonseig\documents\riemann-geometrie\tests\test_matrixclassifier.hpp:250
Value of: isAlmostEqual(refPredictionDistance[idx], distance)
  Actual: false
Expected: true

====================
Prediction Distance sample [0][5] different : 
  Ref : 	[1.07466, 0.465642, ]
  Calc : 	[1.08143, 0.465758, ]
====================
]]></failure>
      <failure message="c:\users\tmonseig\documents\riemann-geometrie\tests\test_matrixclassifier.hpp:250&#x0A;Value of: isAlmostEqual(refPredictionDistance[idx], distance)&#x0A;  Actual: false&#x0A;Expected: true&#x0A;&#x0A;====================&#x0A;Prediction Distance sample [0][6] different : &#x0A;  Ref : &#x09;[0.900629, 0.477762, ]&#x0A;  Calc : &#x09;[0.886488, 0.477398, ]&#x0A;====================&#x0A;" type=""><![CDATA[c:\users\tmonseig\documents\riemann-geometrie\tests\test_matrixclassifier.hpp:250
Value of: isAlmostEqual(refPredictionDistance[idx], distance)
  Actual: false
Expected: true

====================
Prediction Distance sample [0][6] different : 
  Ref : 	[0.900629, 0.477762, ]
  Calc : 	[0.886488, 0.477398, ]
====================
]]></failure>
      <failure message="c:\users\tmonseig\documents\riemann-geometrie\tests\test_matrixclassifier.hpp:250&#x0A;Value of: isAlmostEqual(refPredictionDistance[idx], distance)&#x0A;  Actual: false&#x0A;Expected: true&#x0A;&#x0A;====================&#x0A;Prediction Distance sample [1][0] different : &#x0A;  Ref : &#x09;[0.99378, 0.693704, ]&#x0A;  Calc : &#x09;[1.01963, 0.693427, ]&#x0A;====================&#x0A;" type=""><![CDATA[c:\users\tmonseig\documents\riemann-geometrie\tests\test_matrixclassifier.hpp:250
Value of: isAlmostEqual(refPredictionDistance[idx], distance)
  Actual: false
Expected: true

====================
Prediction Distance sample [1][0] different : 
  Ref : 	[0.99378, 0.693704, ]
  Calc : 	[1.01963, 0.693427, ]
====================
]]></failure>
      <failure message="c:\users\tmonseig\documents\riemann-geometrie\tests\test_matrixclassifier.hpp:250&#x0A;Value of: isAlmostEqual(refPredictionDistance[idx], distance)&#x0A;  Actual: false&#x0A;Expected: true&#x0A;&#x0A;====================&#x0A;Prediction Distance sample [1][1] different : &#x0A;  Ref : &#x09;[1.06145, 0.446611, ]&#x0A;  Calc : &#x09;[1.06587, 0.446604, ]&#x0A;====================&#x0A;" type=""><![CDATA[c:\users\tmonseig\documents\riemann-geometrie\tests\test_matrixclassifier.hpp:250
Value of: isAlmostEqual(refPredictionDistance[idx], distance)
  Actual: false
Expected: true

====================
Prediction Distance sample [1][1] different : 
  Ref : 	[1.06145, 0.446611, ]
  Calc : 	[1.06587, 0.446604, ]
====================
]]></failure>
      <failure message="c:\users\tmonseig\documents\riemann-geometrie\tests\test_matrixclassifier.hpp:250&#x0A;Value of: isAlmostEqual(refPredictionDistance[idx], distance)&#x0A;  Actual: false&#x0A;Expected: true&#x0A;&#x0A;====================&#x0A;Prediction Distance sample [1][2] different : &#x0A;  Ref : &#x09;[1.08335, 0.803479, ]&#x0A;  Calc : &#x09;[1.06906, 0.803507, ]&#x0A;====================&#x0A;" type=""><![CDATA[c:\users\tmonseig\documents\riemann-geometrie\tests\test_matrixclassifier.hpp:250
Value of: isAlmostEqual(refPredictionDistance[idx], distance)
  Actual: false
Expected: true

====================
Prediction Distance sample [1][2] different : 
  Ref : 	[1.08335, 0.803479, ]
  Calc : 	[1.06906, 0.803507, ]
====================
]]></failure>
      <failure message="c:\users\tmonseig\documents\riemann-geometrie\tests\test_matrixclassifier.hpp:250&#x0A;Value of: isAlmostEqual(refPredictionDistance[idx], distance)&#x0A;  Actual: false&#x0A;Expected: true&#x0A;&#x0A;====================&#x0A;Prediction Distance sample [1][3] different : &#x0A;  Ref : &#x09;[0.82749, 0.478643, ]&#x0A;  Calc : &#x09;[0.813748, 0.477967, ]&#x0A;====================&#x0A;" type=""><![CDATA[c:\users\tmonseig\documents\riemann-geometrie\tests\test_matrixclassifier.hpp:250
Value of: isAlmostEqual(refPredictionDistance[idx], distance)
  Actual: false
Expected: true

====================
Prediction Distance sample [1][3] different : 
  Ref : 	[0.82749, 0.478643, ]
  Calc : 	[0.813748, 0.477967, ]
====================
]]></failure>
      <failure message="c:\users\tmonseig\documents\riemann-geometrie\tests\test_matrixclassifier.hpp:250&#x0A;Value of: isAlmostEqual(refPredictionDistance[idx], distance)&#x0A;  Actual: false&#x0A;Expected: true&#x0A;&#x0A;====================&#x0A;Prediction Distance sample [1][4] different : &#x0A;  Ref : &#x09;[0.755768, 0.53329, ]&#x0A;  Calc : &#x09;[0.768498, 0.533247, ]&#x0A;====================&#x0A;" type=""><![CDATA[c:\users\tmonseig\documents\riemann-geometrie\tests\test_matrixclassifier.hpp:250
Value of: isAlmostEqual(refPredictionDistance[idx], distance)
  Actual: false
Expected: true

====================
Prediction Distance sample [1][4] different : 
  Ref : 	[0.755768, 0.53329, ]
  Calc : 	[0.768498, 0.533247, ]
====================
]]></failure>
      <failure message="c:\users\tmonseig\documents\riemann-geometrie\tests\test_matrixclassifier.hpp:256&#x0A;Value of: ref == calc&#x0A;  Actual: false&#x0A;Expected: true&#x0A;&#x0A;====================&#x0A;MDM Rebias Adapt Classify after adaptation : &#x0A;********** Ref **********&#x0A;Minimum Distance to Mean REBIAS Classifier&#x0A;Metric : Riemann&#x0A;Number of Classes : 2&#x0A;Mean of class 0 (14 trials): &#x0A;   1.03904  -0.130576  -0.034772&#x0A; -0.130576   0.916819 -0.0396343&#x0A; -0.034772 -0.0396343   0.997867&#x0A;Mean of class 1 (10 trials): &#x0A;    0.84677    0.168548 0.000375109&#x0A;   0.168548     1.26456  -0.0377406&#x0A;0.000375109  -0.0377406     1.47445&#x0A;REBIAS Matrix : &#x0A;    1.00334 7.74821e-05 0.000480353&#x0A;7.74821e-05     1.00156  0.00489412&#x0A;0.000480353  0.00489412    0.942627&#x0A;Number of Classification : 12&#x0A;&#x0A;********** Calc **********&#x0A;Minimum Distance to Mean REBIAS Classifier&#x0A;Metric : Riemann&#x0A;Number of Classes : 2&#x0A;Mean of class 0 (14 trials): &#x0A;    1.0778   -0.13561 -0.0323113&#x0A;  -0.13561   0.947469 -0.0343947&#x0A;-0.0323113 -0.0343947   0.986389&#x0A;Mean of class 1 (10 trials): &#x0A;   0.846602    0.168419 0.000436175&#x0A;   0.168419     1.26467  -0.0377224&#x0A;0.000436175  -0.0377224     1.47456&#x0A;REBIAS Matrix : &#x0A;  1.70559 0.0157458 0.0196221&#x0A;0.0157458   1.60619 0.0551073&#x0A;0.0196221 0.0551073  0.830842&#x0A;Number of Classification : 12&#x0A;&#x0A;====================&#x0A;" type=""><![CDATA[c:\users\tmonseig\documents\riemann-geometrie\tests\test_matrixclassifier.hpp:256
Value of: ref == calc
  Actual: false
Expected: true

====================
MDM Rebias Adapt Classify after adaptation : 
********** Ref **********
Minimum Distance to Mean REBIAS Classifier
Metric : Riemann
Number of Classes : 2
Mean of class 0 (14 trials): 
   1.03904  -0.130576  -0.034772
 -0.130576   0.916819 -0.0396343
 -0.034772 -0.0396343   0.997867
Mean of class 1 (10 trials): 
    0.84677    0.168548 0.000375109
   0.168548     1.26456  -0.0377406
0.000375109  -0.0377406     1.47445
REBIAS Matrix : 
    1.00334 7.74821e-05 0.000480353
7.74821e-05     1.00156  0.00489412
0.000480353  0.00489412    0.942627
Number of Classification : 12

********** Calc **********
Minimum Distance to Mean REBIAS Classifier
Metric : Riemann
Number of Classes : 2
Mean of class 0 (14 trials): 
    1.0778   -0.13561 -0.0323113
  -0.13561   0.947469 -0.0343947
-0.0323113 -0.0343947   0.986389
Mean of class 1 (10 trials): 
   0.846602    0.168419 0.000436175
   0.168419     1.26467  -0.0377224
0.000436175  -0.0377224     1.47456
REBIAS Matrix : 
  1.70559 0.0157458 0.0196221
0.0157458   1.60619 0.0551073
0.0196221 0.0551073  0.830842
Number of Classification : 12

====================
]]></failure>
    </testcase>
    <testcase name="MDM_Rebias_Classifify_Adapt_Unsupervised" status="run" time="0.056" classname="Tests_MatrixClassifier">
      <failure message="c:\users\tmonseig\documents\riemann-geometrie\tests\test_matrixclassifier.hpp:280&#x0A;Value of: isAlmostEqual(refPredictionDistance[idx], distance)&#x0A;  Actual: false&#x0A;Expected: true&#x0A;&#x0A;====================&#x0A;Prediction Distance sample [0][0] different : &#x0A;  Ref : &#x09;[1, 1, ]&#x0A;  Calc : &#x09;[1.31463, 1.47486, ]&#x0A;====================&#x0A;" type=""><![CDATA[c:\users\tmonseig\documents\riemann-geometrie\tests\test_matrixclassifier.hpp:280
Value of: isAlmostEqual(refPredictionDistance[idx], distance)
  Actual: false
Expected: true

====================
Prediction Distance sample [0][0] different : 
  Ref : 	[1, 1, ]
  Calc : 	[1.31463, 1.47486, ]
====================
]]></failure>
      <failure message="c:\users\tmonseig\documents\riemann-geometrie\tests\test_matrixclassifier.hpp:279&#x0A;Value of: refPrediction[idx] == classid&#x0A;  Actual: false&#x0A;Expected: true&#x0A;&#x0A;====================&#x0A;Prediction sample [0][1] different : &#x0A;  Ref : &#x09;0&#x0A;  Calc : &#x09;1&#x0A;====================&#x0A;" type=""><![CDATA[c:\users\tmonseig\documents\riemann-geometrie\tests\test_matrixclassifier.hpp:279
Value of: refPrediction[idx] == classid
  Actual: false
Expected: true

====================
Prediction sample [0][1] different : 
  Ref : 	0
  Calc : 	1
====================
]]></failure>
      <failure message="c:\users\tmonseig\documents\riemann-geometrie\tests\test_matrixclassifier.hpp:280&#x0A;Value of: isAlmostEqual(refPredictionDistance[idx], distance)&#x0A;  Actual: false&#x0A;Expected: true&#x0A;&#x0A;====================&#x0A;Prediction Distance sample [0][1] different : &#x0A;  Ref : &#x09;[0, 1, ]&#x0A;  Calc : &#x09;[1.85597, 1.84129, ]&#x0A;====================&#x0A;" type=""><![CDATA[c:\users\tmonseig\documents\riemann-geometrie\tests\test_matrixclassifier.hpp:280
Value of: isAlmostEqual(refPredictionDistance[idx], distance)
  Actual: false
Expected: true

====================
Prediction Distance sample [0][1] different : 
  Ref : 	[0, 1, ]
  Calc : 	[1.85597, 1.84129, ]
====================
]]></failure>
      <failure message="c:\users\tmonseig\documents\riemann-geometrie\tests\test_matrixclassifier.hpp:279&#x0A;Value of: refPrediction[idx] == classid&#x0A;  Actual: false&#x0A;Expected: true&#x0A;&#x0A;====================&#x0A;Prediction sample [0][2] different : &#x0A;  Ref : &#x09;0&#x0A;  Calc : &#x09;1&#x0A;====================&#x0A;" type=""><![CDATA[c:\users\tmonseig\documents\riemann-geometrie\tests\test_matrixclassifier.hpp:279
Value of: refPrediction[idx] == classid
  Actual: false
Expected: true

====================
Prediction sample [0][2] different : 
  Ref : 	0
  Calc : 	1
====================
]]></failure>
      <failure message="c:\users\tmonseig\documents\riemann-geometrie\tests\test_matrixclassifier.hpp:280&#x0A;Value of: isAlmostEqual(refPredictionDistance[idx], distance)&#x0A;  Actual: false&#x0A;Expected: true&#x0A;&#x0A;====================&#x0A;Prediction Distance sample [0][2] different : &#x0A;  Ref : &#x09;[0, 0, ]&#x0A;  Calc : &#x09;[1.0777, 0.677588, ]&#x0A;====================&#x0A;" type=""><![CDATA[c:\users\tmonseig\documents\riemann-geometrie\tests\test_matrixclassifier.hpp:280
Value of: isAlmostEqual(refPredictionDistance[idx], distance)
  Actual: false
Expected: true

====================
Prediction Distance sample [0][2] different : 
  Ref : 	[0, 0, ]
  Calc : 	[1.0777, 0.677588, ]
====================
]]></failure>
      <failure message="c:\users\tmonseig\documents\riemann-geometrie\tests\test_matrixclassifier.hpp:280&#x0A;Value of: isAlmostEqual(refPredictionDistance[idx], distance)&#x0A;  Actual: false&#x0A;Expected: true&#x0A;&#x0A;====================&#x0A;Prediction Distance sample [0][3] different : &#x0A;  Ref : &#x09;[1, 1, ]&#x0A;  Calc : &#x09;[0.990908, 1.4164, ]&#x0A;====================&#x0A;" type=""><![CDATA[c:\users\tmonseig\documents\riemann-geometrie\tests\test_matrixclassifier.hpp:280
Value of: isAlmostEqual(refPredictionDistance[idx], distance)
  Actual: false
Expected: true

====================
Prediction Distance sample [0][3] different : 
  Ref : 	[1, 1, ]
  Calc : 	[0.990908, 1.4164, ]
====================
]]></failure>
      <failure message="c:\users\tmonseig\documents\riemann-geometrie\tests\test_matrixclassifier.hpp:279&#x0A;Value of: refPrediction[idx] == classid&#x0A;  Actual: false&#x0A;Expected: true&#x0A;&#x0A;====================&#x0A;Prediction sample [0][4] different : &#x0A;  Ref : &#x09;0&#x0A;  Calc : &#x09;1&#x0A;====================&#x0A;" type=""><![CDATA[c:\users\tmonseig\documents\riemann-geometrie\tests\test_matrixclassifier.hpp:279
Value of: refPrediction[idx] == classid
  Actual: false
Expected: true

====================
Prediction sample [0][4] different : 
  Ref : 	0
  Calc : 	1
====================
]]></failure>
      <failure message="c:\users\tmonseig\documents\riemann-geometrie\tests\test_matrixclassifier.hpp:280&#x0A;Value of: isAlmostEqual(refPredictionDistance[idx], distance)&#x0A;  Actual: false&#x0A;Expected: true&#x0A;&#x0A;====================&#x0A;Prediction Distance sample [0][4] different : &#x0A;  Ref : &#x09;[0, 1, ]&#x0A;  Calc : &#x09;[1.10204, 0.797781, ]&#x0A;====================&#x0A;" type=""><![CDATA[c:\users\tmonseig\documents\riemann-geometrie\tests\test_matrixclassifier.hpp:280
Value of: isAlmostEqual(refPredictionDistance[idx], distance)
  Actual: false
Expected: true

====================
Prediction Distance sample [0][4] different : 
  Ref : 	[0, 1, ]
  Calc : 	[1.10204, 0.797781, ]
====================
]]></failure>
      <failure message="c:\users\tmonseig\documents\riemann-geometrie\tests\test_matrixclassifier.hpp:280&#x0A;Value of: isAlmostEqual(refPredictionDistance[idx], distance)&#x0A;  Actual: false&#x0A;Expected: true&#x0A;&#x0A;====================&#x0A;Prediction Distance sample [0][5] different : &#x0A;  Ref : &#x09;[0, 0, ]&#x0A;  Calc : &#x09;[1.23333, 0.544647, ]&#x0A;====================&#x0A;" type=""><![CDATA[c:\users\tmonseig\documents\riemann-geometrie\tests\test_matrixclassifier.hpp:280
Value of: isAlmostEqual(refPredictionDistance[idx], distance)
  Actual: false
Expected: true

====================
Prediction Distance sample [0][5] different : 
  Ref : 	[0, 0, ]
  Calc : 	[1.23333, 0.544647, ]
====================
]]></failure>
      <failure message="c:\users\tmonseig\documents\riemann-geometrie\tests\test_matrixclassifier.hpp:280&#x0A;Value of: isAlmostEqual(refPredictionDistance[idx], distance)&#x0A;  Actual: false&#x0A;Expected: true&#x0A;&#x0A;====================&#x0A;Prediction Distance sample [0][6] different : &#x0A;  Ref : &#x09;[0, 0, ]&#x0A;  Calc : &#x09;[1.10389, 0.487, ]&#x0A;====================&#x0A;" type=""><![CDATA[c:\users\tmonseig\documents\riemann-geometrie\tests\test_matrixclassifier.hpp:280
Value of: isAlmostEqual(refPredictionDistance[idx], distance)
  Actual: false
Expected: true

====================
Prediction Distance sample [0][6] different : 
  Ref : 	[0, 0, ]
  Calc : 	[1.10389, 0.487, ]
====================
]]></failure>
      <failure message="c:\users\tmonseig\documents\riemann-geometrie\tests\test_matrixclassifier.hpp:280&#x0A;Value of: isAlmostEqual(refPredictionDistance[idx], distance)&#x0A;  Actual: false&#x0A;Expected: true&#x0A;&#x0A;====================&#x0A;Prediction Distance sample [1][0] different : &#x0A;  Ref : &#x09;[0, 0, ]&#x0A;  Calc : &#x09;[1.09421, 0.921591, ]&#x0A;====================&#x0A;" type=""><![CDATA[c:\users\tmonseig\documents\riemann-geometrie\tests\test_matrixclassifier.hpp:280
Value of: isAlmostEqual(refPredictionDistance[idx], distance)
  Actual: false
Expected: true

====================
Prediction Distance sample [1][0] different : 
  Ref : 	[0, 0, ]
  Calc : 	[1.09421, 0.921591, ]
====================
]]></failure>
      <failure message="c:\users\tmonseig\documents\riemann-geometrie\tests\test_matrixclassifier.hpp:280&#x0A;Value of: isAlmostEqual(refPredictionDistance[idx], distance)&#x0A;  Actual: false&#x0A;Expected: true&#x0A;&#x0A;====================&#x0A;Prediction Distance sample [1][1] different : &#x0A;  Ref : &#x09;[1, 0, ]&#x0A;  Calc : &#x09;[1.22377, 0.714324, ]&#x0A;====================&#x0A;" type=""><![CDATA[c:\users\tmonseig\documents\riemann-geometrie\tests\test_matrixclassifier.hpp:280
Value of: isAlmostEqual(refPredictionDistance[idx], distance)
  Actual: false
Expected: true

====================
Prediction Distance sample [1][1] different : 
  Ref : 	[1, 0, ]
  Calc : 	[1.22377, 0.714324, ]
====================
]]></failure>
      <failure message="c:\users\tmonseig\documents\riemann-geometrie\tests\test_matrixclassifier.hpp:280&#x0A;Value of: isAlmostEqual(refPredictionDistance[idx], distance)&#x0A;  Actual: false&#x0A;Expected: true&#x0A;&#x0A;====================&#x0A;Prediction Distance sample [1][2] different : &#x0A;  Ref : &#x09;[1, 0, ]&#x0A;  Calc : &#x09;[1.35759, 0.679091, ]&#x0A;====================&#x0A;" type=""><![CDATA[c:\users\tmonseig\documents\riemann-geometrie\tests\test_matrixclassifier.hpp:280
Value of: isAlmostEqual(refPredictionDistance[idx], distance)
  Actual: false
Expected: true

====================
Prediction Distance sample [1][2] different : 
  Ref : 	[1, 0, ]
  Calc : 	[1.35759, 0.679091, ]
====================
]]></failure>
      <failure message="c:\users\tmonseig\documents\riemann-geometrie\tests\test_matrixclassifier.hpp:280&#x0A;Value of: isAlmostEqual(refPredictionDistance[idx], distance)&#x0A;  Actual: false&#x0A;Expected: true&#x0A;&#x0A;====================&#x0A;Prediction Distance sample [1][3] different : &#x0A;  Ref : &#x09;[0, 0, ]&#x0A;  Calc : &#x09;[1.02866, 0.505823, ]&#x0A;====================&#x0A;" type=""><![CDATA[c:\users\tmonseig\documents\riemann-geometrie\tests\test_matrixclassifier.hpp:280
Value of: isAlmostEqual(refPredictionDistance[idx], distance)
  Actual: false
Expected: true

====================
Prediction Distance sample [1][3] different : 
  Ref : 	[0, 0, ]
  Calc : 	[1.02866, 0.505823, ]
====================
]]></failure>
      <failure message="c:\users\tmonseig\documents\riemann-geometrie\tests\test_matrixclassifier.hpp:280&#x0A;Value of: isAlmostEqual(refPredictionDistance[idx], distance)&#x0A;  Actual: false&#x0A;Expected: true&#x0A;&#x0A;====================&#x0A;Prediction Distance sample [1][4] different : &#x0A;  Ref : &#x09;[1, 0, ]&#x0A;  Calc : &#x09;[1.08519, 0.367394, ]&#x0A;====================&#x0A;" type=""><![CDATA[c:\users\tmonseig\documents\riemann-geometrie\tests\test_matrixclassifier.hpp:280
Value of: isAlmostEqual(refPredictionDistance[idx], distance)
  Actual: false
Expected: true

====================
Prediction Distance sample [1][4] different : 
  Ref : 	[1, 0, ]
  Calc : 	[1.08519, 0.367394, ]
====================
]]></failure>
      <failure message="c:\users\tmonseig\documents\riemann-geometrie\tests\test_matrixclassifier.hpp:286&#x0A;Value of: ref == calc&#x0A;  Actual: false&#x0A;Expected: true&#x0A;&#x0A;====================&#x0A;MDM Rebias Adapt Classify after adaptation : &#x0A;********** Ref **********&#x0A;Minimum Distance to Mean REBIAS Classifier&#x0A;Metric : Riemann&#x0A;Number of Classes : 2&#x0A;Mean of class 0 (14 trials): &#x0A; 1 -1  1&#x0A;-1  1  1&#x0A; 1  1  1&#x0A;Mean of class 1 (10 trials): &#x0A;1 1 1&#x0A;1 1 1&#x0A;1 1 1&#x0A;REBIAS Matrix : &#x0A;1 1 1&#x0A;1 1 1&#x0A;1 1 1&#x0A;Number of Classification : 12&#x0A;&#x0A;********** Calc **********&#x0A;Minimum Distance to Mean REBIAS Classifier&#x0A;Metric : Riemann&#x0A;Number of Classes : 2&#x0A;Mean of class 0 (9 trials): &#x0A;   1.16333  -0.071529 0.00341591&#x0A; -0.071529   0.865367  0.0375398&#x0A;0.00341591  0.0375398    0.72521&#x0A;Mean of class 1 (15 trials): &#x0A;  0.867551  0.0276546 -0.0393194&#x0A; 0.0276546     1.1927   -0.11492&#x0A;-0.0393194   -0.11492     1.5548&#x0A;REBIAS Matrix : &#x0A;  1.70559 0.0157458 0.0196221&#x0A;0.0157458   1.60619 0.0551073&#x0A;0.0196221 0.0551073  0.830842&#x0A;Number of Classification : 12&#x0A;&#x0A;====================&#x0A;" type=""><![CDATA[c:\users\tmonseig\documents\riemann-geometrie\tests\test_matrixclassifier.hpp:286
Value of: ref == calc
  Actual: false
Expected: true

====================
MDM Rebias Adapt Classify after adaptation : 
********** Ref **********
Minimum Distance to Mean REBIAS Classifier
Metric : Riemann
Number of Classes : 2
Mean of class 0 (14 trials): 
 1 -1  1
-1  1  1
 1  1  1
Mean of class 1 (10 trials): 
1 1 1
1 1 1
1 1 1
REBIAS Matrix : 
1 1 1
1 1 1
1 1 1
Number of Classification : 12

********** Calc **********
Minimum Distance to Mean REBIAS Classifier
Metric : Riemann
Number of Classes : 2
Mean of class 0 (9 trials): 
   1.16333  -0.071529 0.00341591
 -0.071529   0.865367  0.0375398
0.00341591  0.0375398    0.72521
Mean of class 1 (15 trials): 
  0.867551  0.0276546 -0.0393194
 0.0276546     1.1927   -0.11492
-0.0393194   -0.11492     1.5548
REBIAS Matrix : 
  1.70559 0.0157458 0.0196221
0.0157458   1.60619 0.0551073
0.0196221 0.0551073  0.830842
Number of Classification : 12

====================
]]></failure>
    </testcase>
    <testcase name="MDM_Rebias_Save" status="run" time="0.018" classname="Tests_MatrixClassifier">
      <failure message="c:\users\tmonseig\documents\riemann-geometrie\tests\test_matrixclassifier.hpp:298&#x0A;Value of: ref == calc&#x0A;  Actual: false&#x0A;Expected: true&#x0A;&#x0A;====================&#x0A;MDM Rebias Save : &#x0A;********** Ref **********&#x0A;Minimum Distance to Mean REBIAS Classifier&#x0A;Metric : Riemann&#x0A;Number of Classes : 2&#x0A;Mean of class 0 (7 trials): &#x0A;     1.1292   -0.103108 -0.00559187&#x0A;  -0.103108    0.884897   0.0159594&#x0A;-0.00559187   0.0159594    0.801499&#x0A;Mean of class 1 (5 trials): &#x0A;  0.855586   0.146117 0.00418383&#x0A;  0.146117    1.21289 -0.0305315&#x0A;0.00418383 -0.0305315    1.36442&#x0A;REBIAS Matrix : &#x0A;  1.70953 0.0167407 0.0207775&#x0A;0.0167407   1.60345 0.0542388&#x0A;0.0207775 0.0542388  0.830325&#x0A;Number of Classification : 0&#x0A;&#x0A;********** Calc **********&#x0A;Minimum Distance to Mean REBIAS Classifier&#x0A;Metric : Riemann&#x0A;Number of Classes : 2&#x0A;Mean of class 0 (7 trials): &#x0A;     1.1292   -0.103108 -0.00559187&#x0A;  -0.103108    0.884897   0.0159594&#x0A;-0.00559187   0.0159594    0.801499&#x0A;Mean of class 1 (5 trials): &#x0A;  0.855586   0.146117 0.00418383&#x0A;  0.146117    1.21289 -0.0305315&#x0A;0.00418383 -0.0305315    1.36442&#x0A;REBIAS Matrix : Not Computed&#x0A;Number of Classification : 0&#x0A;&#x0A;====================&#x0A;" type=""><![CDATA[c:\users\tmonseig\documents\riemann-geometrie\tests\test_matrixclassifier.hpp:298
Value of: ref == calc
  Actual: false
Expected: true

====================
MDM Rebias Save : 
********** Ref **********
Minimum Distance to Mean REBIAS Classifier
Metric : Riemann
Number of Classes : 2
Mean of class 0 (7 trials): 
     1.1292   -0.103108 -0.00559187
  -0.103108    0.884897   0.0159594
-0.00559187   0.0159594    0.801499
Mean of class 1 (5 trials): 
  0.855586   0.146117 0.00418383
  0.146117    1.21289 -0.0305315
0.00418383 -0.0305315    1.36442
REBIAS Matrix : 
  1.70953 0.0167407 0.0207775
0.0167407   1.60345 0.0542388
0.0207775 0.0542388  0.830325
Number of Classification : 0

********** Calc **********
Minimum Distance to Mean REBIAS Classifier
Metric : Riemann
Number of Classes : 2
Mean of class 0 (7 trials): 
     1.1292   -0.103108 -0.00559187
  -0.103108    0.884897   0.0159594
-0.00559187   0.0159594    0.801499
Mean of class 1 (5 trials): 
  0.855586   0.146117 0.00418383
  0.146117    1.21289 -0.0305315
0.00418383 -0.0305315    1.36442
REBIAS Matrix : Not Computed
Number of Classification : 0

====================
]]></failure>
    </testcase>
  </testsuite>
</testsuites>
