<?xml version="1.0" encoding="UTF-8"?>
<testsuites tests="13" failures="0" disabled="0" errors="0" timestamp="2019-03-12T14:31:25" time="0.112" name="AllTests">
  <testsuite name="Tests_MatrixClassifier" tests="13" failures="0" disabled="0" errors="0" time="0.112">
    <testcase name="MDM_Train" status="run" time="0.001" classname="Tests_MatrixClassifier" />
    <testcase name="MDM_Classifify" status="run" time="0.001" classname="Tests_MatrixClassifier" />
    <testcase name="MDM_Classifify_Adapt_Supervised" status="run" time="0" classname="Tests_MatrixClassifier" />
    <testcase name="MDM_Classifify_Adapt_Unsupervised" status="run" time="0.001" classname="Tests_MatrixClassifier" />
    <testcase name="MDM_Save" status="run" time="0.008" classname="Tests_MatrixClassifier" />
    <testcase name="FgMDM_Train" status="run" time="0.002" classname="Tests_MatrixClassifier" />
    <testcase name="FgMDM_Classifify" status="run" time="0" classname="Tests_MatrixClassifier" />
    <testcase name="FgMDM_Save" status="run" time="0.008" classname="Tests_MatrixClassifier" />
    <testcase name="MDM_Rebias_Train" status="run" time="0.002" classname="Tests_MatrixClassifier" />
    <testcase name="MDM_Rebias_Classifify" status="run" time="0.004" classname="Tests_MatrixClassifier" />
    <testcase name="MDM_Rebias_Classifify_Adapt_Supervised" status="run" time="0.051" classname="Tests_MatrixClassifier" />
    <testcase name="MDM_Rebias_Classifify_Adapt_Unsupervised" status="run" time="0.021" classname="Tests_MatrixClassifier" />
    <testcase name="MDM_Rebias_Save" status="run" time="0.01" classname="Tests_MatrixClassifier" />
  </testsuite>
</testsuites>
