<?xml version="1.0" encoding="UTF-8"?>
<testsuites tests="40" failures="5" disabled="0" errors="0" timestamp="2018-12-11T16:46:27" time="0.184" name="AllTests">
  <testsuite name="Tests_Basics" tests="4" failures="0" disabled="0" errors="0" time="0">
    <testcase name="VectorCenter" status="run" time="0" classname="Tests_Basics" />
    <testcase name="MatrixCenter" status="run" time="0" classname="Tests_Basics" />
    <testcase name="GetElements" status="run" time="0" classname="Tests_Basics" />
    <testcase name="ARange" status="run" time="0" classname="Tests_Basics" />
  </testsuite>
  <testsuite name="Tests_Covariances" tests="8" failures="3" disabled="0" errors="0" time="0.002">
    <testcase name="Variance_V1" status="run" time="0" classname="Tests_Covariances" />
    <testcase name="Covariance" status="run" time="0" classname="Tests_Covariances" />
    <testcase name="Covariance_Matrix_COV" status="run" time="0" classname="Tests_Covariances" />
    <testcase name="Covariance_Matrix_SCM" status="run" time="0.001" classname="Tests_Covariances">
      <failure message="c:\users\tmonseig\documents\riemann-geometrie\tests\test_riemannutilscovariance.hpp:58&#x0A;Value of: isAlmostEqual(ref, calc)&#x0A;  Actual: false&#x0A;Expected: true&#x0A;&#x0A;====================&#x0A;Covariance Matrix SCM M1 : &#x0A;********** Ref **********&#x0A; 8.25 -8.25&#x0A;-8.25  8.25&#x0A;********** Calc **********&#x0A; 0.5 -0.5&#x0A;-0.5  0.5&#x0A;====================&#x0A;" type=""><![CDATA[c:\users\tmonseig\documents\riemann-geometrie\tests\test_riemannutilscovariance.hpp:58
Value of: isAlmostEqual(ref, calc)
  Actual: false
Expected: true

====================
Covariance Matrix SCM M1 : 
********** Ref **********
 8.25 -8.25
-8.25  8.25
********** Calc **********
 0.5 -0.5
-0.5  0.5
====================
]]></failure>
      <failure message="c:\users\tmonseig\documents\riemann-geometrie\tests\test_riemannutilscovariance.hpp:62&#x0A;Value of: isAlmostEqual(ref, calc)&#x0A;  Actual: false&#x0A;Expected: true&#x0A;&#x0A;====================&#x0A;Covariance Matrix SCM M2 : &#x0A;********** Ref **********&#x0A;8.25 8.25&#x0A;8.25 8.25&#x0A;********** Calc **********&#x0A;0.5 0.5&#x0A;0.5 0.5&#x0A;====================&#x0A;" type=""><![CDATA[c:\users\tmonseig\documents\riemann-geometrie\tests\test_riemannutilscovariance.hpp:62
Value of: isAlmostEqual(ref, calc)
  Actual: false
Expected: true

====================
Covariance Matrix SCM M2 : 
********** Ref **********
8.25 8.25
8.25 8.25
********** Calc **********
0.5 0.5
0.5 0.5
====================
]]></failure>
    </testcase>
    <testcase name="Covariance_Matrix_LWF" status="run" time="0" classname="Tests_Covariances" />
    <testcase name="Covariance_Matrix_OAS" status="run" time="0.001" classname="Tests_Covariances">
      <failure message="c:\users\tmonseig\documents\riemann-geometrie\tests\test_riemannutilscovariance.hpp:85&#x0A;Value of: isAlmostEqual(ref, calc)&#x0A;  Actual: false&#x0A;Expected: true&#x0A;&#x0A;====================&#x0A;Covariance Matrix OAS M1 : &#x0A;********** Ref **********&#x0A; 8.25 -5.25&#x0A;-5.25  8.25&#x0A;********** Calc **********&#x0A; 8.25 -8.25&#x0A;-8.25  8.25&#x0A;====================&#x0A;" type=""><![CDATA[c:\users\tmonseig\documents\riemann-geometrie\tests\test_riemannutilscovariance.hpp:85
Value of: isAlmostEqual(ref, calc)
  Actual: false
Expected: true

====================
Covariance Matrix OAS M1 : 
********** Ref **********
 8.25 -5.25
-5.25  8.25
********** Calc **********
 8.25 -8.25
-8.25  8.25
====================
]]></failure>
      <failure message="c:\users\tmonseig\documents\riemann-geometrie\tests\test_riemannutilscovariance.hpp:89&#x0A;Value of: isAlmostEqual(ref, calc)&#x0A;  Actual: false&#x0A;Expected: true&#x0A;&#x0A;====================&#x0A;Covariance Matrix OAS M2 : &#x0A;********** Ref **********&#x0A;8.25 5.25&#x0A;5.25 8.25&#x0A;********** Calc **********&#x0A;8.25 6.75&#x0A;6.75 8.25&#x0A;====================&#x0A;" type=""><![CDATA[c:\users\tmonseig\documents\riemann-geometrie\tests\test_riemannutilscovariance.hpp:89
Value of: isAlmostEqual(ref, calc)
  Actual: false
Expected: true

====================
Covariance Matrix OAS M2 : 
********** Ref **********
8.25 5.25
5.25 8.25
********** Calc **********
8.25 6.75
6.75 8.25
====================
]]></failure>
    </testcase>
    <testcase name="Covariance_Matrix_MCD" status="run" time="0" classname="Tests_Covariances">
      <failure message="c:\users\tmonseig\documents\riemann-geometrie\tests\test_riemannutilscovariance.hpp:98&#x0A;Value of: isAlmostEqual(ref, calc)&#x0A;  Actual: false&#x0A;Expected: true&#x0A;&#x0A;====================&#x0A;Covariance Matrix MCD M1 : &#x0A;********** Ref **********&#x0A; 4 -4&#x0A;-4  4&#x0A;********** Calc **********&#x0A;1 0&#x0A;0 1&#x0A;====================&#x0A;" type=""><![CDATA[c:\users\tmonseig\documents\riemann-geometrie\tests\test_riemannutilscovariance.hpp:98
Value of: isAlmostEqual(ref, calc)
  Actual: false
Expected: true

====================
Covariance Matrix MCD M1 : 
********** Ref **********
 4 -4
-4  4
********** Calc **********
1 0
0 1
====================
]]></failure>
      <failure message="c:\users\tmonseig\documents\riemann-geometrie\tests\test_riemannutilscovariance.hpp:102&#x0A;Value of: isAlmostEqual(ref, calc)&#x0A;  Actual: false&#x0A;Expected: true&#x0A;&#x0A;====================&#x0A;Covariance Matrix MCD M2 : &#x0A;********** Ref **********&#x0A;4 4&#x0A;4 4&#x0A;********** Calc **********&#x0A;1 0&#x0A;0 1&#x0A;====================&#x0A;" type=""><![CDATA[c:\users\tmonseig\documents\riemann-geometrie\tests\test_riemannutilscovariance.hpp:102
Value of: isAlmostEqual(ref, calc)
  Actual: false
Expected: true

====================
Covariance Matrix MCD M2 : 
********** Ref **********
4 4
4 4
********** Calc **********
1 0
0 1
====================
]]></failure>
    </testcase>
    <testcase name="Covariance_Matrix_COR" status="run" time="0" classname="Tests_Covariances" />
  </testsuite>
  <testsuite name="Tests_Distances" tests="6" failures="0" disabled="0" errors="0" time="0.002">
    <testcase name="Euclidian" status="run" time="0" classname="Tests_Distances" />
    <testcase name="LogEuclidian" status="run" time="0.001" classname="Tests_Distances" />
    <testcase name="Riemann" status="run" time="0.001" classname="Tests_Distances" />
    <testcase name="LogDet" status="run" time="0" classname="Tests_Distances" />
    <testcase name="Kullback" status="run" time="0" classname="Tests_Distances" />
    <testcase name="Wasserstein" status="run" time="0" classname="Tests_Distances" />
  </testsuite>
  <testsuite name="Tests_Featurization" tests="7" failures="0" disabled="0" errors="0" time="0.005">
    <testcase name="GetUpperTriangle_Row" status="run" time="0" classname="Tests_Featurization" />
    <testcase name="GetUpperTriangle_Diagonal" status="run" time="0" classname="Tests_Featurization" />
    <testcase name="Vector2UpperTriangle_Row" status="run" time="0.001" classname="Tests_Featurization" />
    <testcase name="Vector2UpperTriangle_Diagonal" status="run" time="0" classname="Tests_Featurization" />
    <testcase name="TangentSpace" status="run" time="0.003" classname="Tests_Featurization" />
    <testcase name="UnTangentSpace" status="run" time="0.001" classname="Tests_Featurization" />
    <testcase name="Riemann" status="run" time="0" classname="Tests_Featurization" />
  </testsuite>
  <testsuite name="Tests_Geodesic" tests="2" failures="0" disabled="0" errors="0" time="0.005">
    <testcase name="Euclidian" status="run" time="0" classname="Tests_Geodesic" />
    <testcase name="LogEuclidian" status="run" time="0.001" classname="Tests_Geodesic" />
  </testsuite>
  <testsuite name="Tests_Means" tests="9" failures="2" disabled="0" errors="0" time="0.039">
    <testcase name="Euclidian" status="run" time="0" classname="Tests_Means" />
    <testcase name="LogEuclidian" status="run" time="0.002" classname="Tests_Means" />
    <testcase name="Riemann" status="run" time="0.003" classname="Tests_Means" />
    <testcase name="LogDet" status="run" time="0.007" classname="Tests_Means" />
    <testcase name="Kullback" status="run" time="0.001" classname="Tests_Means" />
    <testcase name="Wasserstein" status="run" time="0.006" classname="Tests_Means">
      <failure message="c:\users\tmonseig\documents\riemann-geometrie\tests\test_riemannutilsmean.hpp:66&#x0A;Value of: isAlmostEqual(ref, calc)&#x0A;  Actual: false&#x0A;Expected: true&#x0A;&#x0A;====================&#x0A;Mean Wasserstein : &#x0A;********** Ref **********&#x0A;6.33517       0&#x0A;      0 6.33517&#x0A;********** Calc **********&#x0A;6.3321      0&#x0A;     0 6.3321&#x0A;====================&#x0A;" type=""><![CDATA[c:\users\tmonseig\documents\riemann-geometrie\tests\test_riemannutilsmean.hpp:66
Value of: isAlmostEqual(ref, calc)
  Actual: false
Expected: true

====================
Mean Wasserstein : 
********** Ref **********
6.33517       0
      0 6.33517
********** Calc **********
6.3321      0
     0 6.3321
====================
]]></failure>
    </testcase>
    <testcase name="ALE" status="run" time="0" classname="Tests_Means">
      <failure message="c:\users\tmonseig\documents\riemann-geometrie\tests\test_riemannutilsmean.hpp:75&#x0A;Value of: isAlmostEqual(ref, calc)&#x0A;  Actual: false&#x0A;Expected: true&#x0A;&#x0A;====================&#x0A;Mean_ALE : &#x0A;********** Ref **********&#x0A;4.4138      0&#x0A;     0 4.4138&#x0A;********** Calc **********&#x0A;1 0&#x0A;0 1&#x0A;====================&#x0A;" type=""><![CDATA[c:\users\tmonseig\documents\riemann-geometrie\tests\test_riemannutilsmean.hpp:75
Value of: isAlmostEqual(ref, calc)
  Actual: false
Expected: true

====================
Mean_ALE : 
********** Ref **********
4.4138      0
     0 4.4138
********** Calc **********
1 0
0 1
====================
]]></failure>
    </testcase>
    <testcase name="Harmonic" status="run" time="0" classname="Tests_Means" />
    <testcase name="Identity" status="run" time="0" classname="Tests_Means" />
  </testsuite>
  <testsuite name="Tests_Classifier" tests="4" failures="0" disabled="0" errors="0" time="0.129">
    <testcase name="TrainMDM" status="run" time="0.043" classname="Tests_Classifier" />
    <testcase name="ClassififyMDM" status="run" time="0.035" classname="Tests_Classifier" />
    <testcase name="XMLMDM" status="run" time="0.038" classname="Tests_Classifier" />
    <testcase name="TrainFgMDM" status="run" time="0.013" classname="Tests_Classifier" />
  </testsuite>
</testsuites>
