<?xml version="1.0" encoding="UTF-8"?>
<testsuites tests="73" failures="0" disabled="0" errors="0" time="0.496" timestamp="2020-12-04T15:23:51" name="AllTests">
  <testsuite name="Tests_Basics" tests="6" failures="0" disabled="0" errors="0" time="0.003" timestamp="2020-12-04T15:23:51">
    <testcase name="MatrixStandardization" status="run" result="completed" time="0" timestamp="2020-12-04T15:23:51" classname="Tests_Basics" />
    <testcase name="GetElements" status="run" result="completed" time="0" timestamp="2020-12-04T15:23:51" classname="Tests_Basics" />
    <testcase name="ARange" status="run" result="completed" time="0" timestamp="2020-12-04T15:23:51" classname="Tests_Basics" />
    <testcase name="Vector2DTo1D" status="run" result="completed" time="0" timestamp="2020-12-04T15:23:51" classname="Tests_Basics" />
    <testcase name="Metrics" status="run" result="completed" time="0" timestamp="2020-12-04T15:23:51" classname="Tests_Basics" />
    <testcase name="Validation" status="run" result="completed" time="0" timestamp="2020-12-04T15:23:51" classname="Tests_Basics" />
  </testsuite>
  <testsuite name="Tests_Covariances" tests="7" failures="0" disabled="0" errors="0" time="0.004" timestamp="2020-12-04T15:23:51">
    <testcase name="Covariance_Matrix_COR" status="run" result="completed" time="0" timestamp="2020-12-04T15:23:51" classname="Tests_Covariances" />
    <testcase name="Covariance_Matrix_COV" status="run" result="completed" time="0.001" timestamp="2020-12-04T15:23:51" classname="Tests_Covariances" />
    <testcase name="Covariance_Matrix_LWF" status="run" result="completed" time="0" timestamp="2020-12-04T15:23:51" classname="Tests_Covariances" />
    <testcase name="Covariance_Matrix_MCD" status="run" result="completed" time="0" timestamp="2020-12-04T15:23:51" classname="Tests_Covariances" />
    <testcase name="Covariance_Matrix_OAS" status="run" result="completed" time="0" timestamp="2020-12-04T15:23:51" classname="Tests_Covariances" />
    <testcase name="Covariance_Matrix_SCM" status="run" result="completed" time="0" timestamp="2020-12-04T15:23:51" classname="Tests_Covariances" />
    <testcase name="Covariance_Matrix_IDE" status="run" result="completed" time="0" timestamp="2020-12-04T15:23:51" classname="Tests_Covariances" />
  </testsuite>
  <testsuite name="Tests_Means" tests="10" failures="0" disabled="0" errors="0" time="0.026" timestamp="2020-12-04T15:23:51">
    <testcase name="BadInput" status="run" result="completed" time="0.001" timestamp="2020-12-04T15:23:51" classname="Tests_Means" />
    <testcase name="Euclidian" status="run" result="completed" time="0" timestamp="2020-12-04T15:23:51" classname="Tests_Means" />
    <testcase name="LogEuclidian" status="run" result="completed" time="0.001" timestamp="2020-12-04T15:23:51" classname="Tests_Means" />
    <testcase name="Riemann" status="run" result="completed" time="0.001" timestamp="2020-12-04T15:23:51" classname="Tests_Means" />
    <testcase name="LogDet" status="run" result="completed" time="0" timestamp="2020-12-04T15:23:51" classname="Tests_Means" />
    <testcase name="Kullback" status="run" result="completed" time="0" timestamp="2020-12-04T15:23:51" classname="Tests_Means" />
    <testcase name="Wasserstein" status="run" result="completed" time="0.002" timestamp="2020-12-04T15:23:51" classname="Tests_Means" />
    <testcase name="ALE" status="run" result="completed" time="0.002" timestamp="2020-12-04T15:23:51" classname="Tests_Means" />
    <testcase name="Harmonic" status="run" result="completed" time="0" timestamp="2020-12-04T15:23:51" classname="Tests_Means" />
    <testcase name="Identity" status="run" result="completed" time="0" timestamp="2020-12-04T15:23:51" classname="Tests_Means" />
  </testsuite>
  <testsuite name="Tests_Median" tests="3" failures="0" disabled="0" errors="0" time="0.011" timestamp="2020-12-04T15:23:51">
    <testcase name="SimpleMedian" status="run" result="completed" time="0" timestamp="2020-12-04T15:23:51" classname="Tests_Median" />
    <testcase name="DatasetEuclidianMedian" status="run" result="completed" time="0" timestamp="2020-12-04T15:23:51" classname="Tests_Median" />
    <testcase name="DatasetRiemannMedian" status="run" result="completed" time="0.002" timestamp="2020-12-04T15:23:51" classname="Tests_Median" />
  </testsuite>
  <testsuite name="Tests_Misc" tests="4" failures="0" disabled="0" errors="0" time="0.019" timestamp="2020-12-04T15:23:51">
    <testcase name="DoubleRange" status="run" result="completed" time="0" timestamp="2020-12-04T15:23:51" classname="Tests_Misc" />
    <testcase name="RoundIndexRange" status="run" result="completed" time="0" timestamp="2020-12-04T15:23:51" classname="Tests_Misc" />
    <testcase name="binHistogramm" status="run" result="completed" time="0" timestamp="2020-12-04T15:23:51" classname="Tests_Misc" />
    <testcase name="fitDistribution" status="run" result="completed" time="0.01" timestamp="2020-12-04T15:23:51" classname="Tests_Misc" />
  </testsuite>
  <testsuite name="Tests_Distances" tests="7" failures="0" disabled="0" errors="0" time="0.022" timestamp="2020-12-04T15:23:51">
    <testcase name="Euclidian" status="run" result="completed" time="0" timestamp="2020-12-04T15:23:51" classname="Tests_Distances" />
    <testcase name="LogEuclidian" status="run" result="completed" time="0.001" timestamp="2020-12-04T15:23:51" classname="Tests_Distances" />
    <testcase name="Riemann" status="run" result="completed" time="0" timestamp="2020-12-04T15:23:51" classname="Tests_Distances" />
    <testcase name="LogDet" status="run" result="completed" time="0.001" timestamp="2020-12-04T15:23:51" classname="Tests_Distances" />
    <testcase name="Kullback" status="run" result="completed" time="0" timestamp="2020-12-04T15:23:51" classname="Tests_Distances" />
    <testcase name="Wasserstein" status="run" result="completed" time="0" timestamp="2020-12-04T15:23:51" classname="Tests_Distances" />
    <testcase name="Identity" status="run" result="completed" time="0" timestamp="2020-12-04T15:23:51" classname="Tests_Distances" />
  </testsuite>
  <testsuite name="Tests_Geodesic" tests="4" failures="0" disabled="0" errors="0" time="0.007" timestamp="2020-12-04T15:23:51">
    <testcase name="Euclidian" status="run" result="completed" time="0" timestamp="2020-12-04T15:23:51" classname="Tests_Geodesic" />
    <testcase name="LogEuclidian" status="run" result="completed" time="0.001" timestamp="2020-12-04T15:23:51" classname="Tests_Geodesic" />
    <testcase name="Riemann" status="run" result="completed" time="0" timestamp="2020-12-04T15:23:51" classname="Tests_Geodesic" />
    <testcase name="Identity" status="run" result="completed" time="0" timestamp="2020-12-04T15:23:51" classname="Tests_Geodesic" />
  </testsuite>
  <testsuite name="Tests_Featurization" tests="4" failures="0" disabled="0" errors="0" time="0.006" timestamp="2020-12-04T15:23:51">
    <testcase name="TangentSpace" status="run" result="completed" time="0" timestamp="2020-12-04T15:23:51" classname="Tests_Featurization" />
    <testcase name="UnTangentSpace" status="run" result="completed" time="0" timestamp="2020-12-04T15:23:51" classname="Tests_Featurization" />
    <testcase name="Squeeze" status="run" result="completed" time="0" timestamp="2020-12-04T15:23:51" classname="Tests_Featurization" />
    <testcase name="UnSqueeze" status="run" result="completed" time="0" timestamp="2020-12-04T15:23:51" classname="Tests_Featurization" />
  </testsuite>
  <testsuite name="Tests_Classifier" tests="2" failures="0" disabled="0" errors="0" time="0.003" timestamp="2020-12-04T15:23:51">
    <testcase name="LSQR" status="run" result="completed" time="0" timestamp="2020-12-04T15:23:51" classname="Tests_Classifier" />
    <testcase name="FgDACompute" status="run" result="completed" time="0" timestamp="2020-12-04T15:23:51" classname="Tests_Classifier" />
  </testsuite>
  <testsuite name="Tests_MatrixClassifier" tests="22" failures="0" disabled="0" errors="0" time="0.337" timestamp="2020-12-04T15:23:51">
    <testcase name="MDM_Train" status="run" result="completed" time="0.002" timestamp="2020-12-04T15:23:51" classname="Tests_MatrixClassifier" />
    <testcase name="MDM_Classifify" status="run" result="completed" time="0.003" timestamp="2020-12-04T15:23:51" classname="Tests_MatrixClassifier" />
    <testcase name="MDM_Classifify_Adapt_Supervised" status="run" result="completed" time="0.008" timestamp="2020-12-04T15:23:51" classname="Tests_MatrixClassifier" />
    <testcase name="MDM_Classifify_Adapt_Unsupervised" status="run" result="completed" time="0.002" timestamp="2020-12-04T15:23:51" classname="Tests_MatrixClassifier" />
    <testcase name="MDM_Save" status="run" result="completed" time="0.002" timestamp="2020-12-04T15:23:51" classname="Tests_MatrixClassifier" />
    <testcase name="FgMDMRT_Train" status="run" result="completed" time="0.002" timestamp="2020-12-04T15:23:51" classname="Tests_MatrixClassifier" />
    <testcase name="FgMDMRT_Classifify" status="run" result="completed" time="0.003" timestamp="2020-12-04T15:23:51" classname="Tests_MatrixClassifier" />
    <testcase name="FgMDMRT_Classifify_Adapt_Supervised" status="run" result="completed" time="0.006" timestamp="2020-12-04T15:23:51" classname="Tests_MatrixClassifier" />
    <testcase name="FgMDMRT_Classifify_Adapt_Unsupervised" status="run" result="completed" time="0.016" timestamp="2020-12-04T15:23:51" classname="Tests_MatrixClassifier" />
    <testcase name="FgMDMRT_Save" status="run" result="completed" time="0.005" timestamp="2020-12-04T15:23:51" classname="Tests_MatrixClassifier" />
    <testcase name="FgMDM_Classifify_Adapt_Supervised" status="run" result="completed" time="0.068" timestamp="2020-12-04T15:23:51" classname="Tests_MatrixClassifier" />
    <testcase name="FgMDM_Classifify_Adapt_Unsupervised" status="run" result="completed" time="0.083" timestamp="2020-12-04T15:23:51" classname="Tests_MatrixClassifier" />
    <testcase name="MDM_Rebias_Train" status="run" result="completed" time="0.002" timestamp="2020-12-04T15:23:51" classname="Tests_MatrixClassifier" />
    <testcase name="MDM_Rebias_Classifify" status="run" result="completed" time="0.008" timestamp="2020-12-04T15:23:51" classname="Tests_MatrixClassifier" />
    <testcase name="MDM_Rebias_Classifify_Adapt_Supervised" status="run" result="completed" time="0.006" timestamp="2020-12-04T15:23:51" classname="Tests_MatrixClassifier" />
    <testcase name="MDM_Rebias_Classifify_Adapt_Unsupervised" status="run" result="completed" time="0.008" timestamp="2020-12-04T15:23:51" classname="Tests_MatrixClassifier" />
    <testcase name="MDM_Rebias_Save" status="run" result="completed" time="0.009" timestamp="2020-12-04T15:23:51" classname="Tests_MatrixClassifier" />
    <testcase name="FgMDM_RT_Rebias_Train" status="run" result="completed" time="0.004" timestamp="2020-12-04T15:23:51" classname="Tests_MatrixClassifier" />
    <testcase name="FgMDM_RT_Rebias_Save" status="run" result="completed" time="0.006" timestamp="2020-12-04T15:23:51" classname="Tests_MatrixClassifier" />
    <testcase name="FgMDM_RT_Rebias_Classifify" status="run" result="completed" time="0.012" timestamp="2020-12-04T15:23:51" classname="Tests_MatrixClassifier" />
    <testcase name="FgMDM_RT_Rebias_Classifify_Adapt_Supervised" status="run" result="completed" time="0.006" timestamp="2020-12-04T15:23:51" classname="Tests_MatrixClassifier" />
    <testcase name="FgMDM_RT_Rebias_Classifify_Adapt_Unsupervised" status="run" result="completed" time="0.008" timestamp="2020-12-04T15:23:51" classname="Tests_MatrixClassifier" />
  </testsuite>
  <testsuite name="Tests_ASR" tests="4" failures="0" disabled="0" errors="0" time="0.035" timestamp="2020-12-04T15:23:51">
    <testcase name="ASR_Train_Euclidian" status="run" result="completed" time="0.007" timestamp="2020-12-04T15:23:51" classname="Tests_ASR" />
    <testcase name="ASR_Train_Riemann" status="run" result="completed" time="0.007" timestamp="2020-12-04T15:23:51" classname="Tests_ASR" />
    <testcase name="ASR_Process" status="run" result="completed" time="0.006" timestamp="2020-12-04T15:23:51" classname="Tests_ASR" />
    <testcase name="ASR_Save" status="run" result="completed" time="0.004" timestamp="2020-12-04T15:23:51" classname="Tests_ASR" />
  </testsuite>
</testsuites>
